Started GET "/users/1" for ::1 at 2020-12-08 19:47:52 -0600
Processing by UsersController#show as HTML
  Parameters: {"id"=>"1"}
  [1m[36mUser Load (0.3ms)[0m  [1m[34mSELECT  `users`.* FROM `users` WHERE `users`.`id` = 1 LIMIT 1[0m
  [1m[36mCACHE (0.0ms)[0m  [1m[34mSELECT  `users`.* FROM `users` WHERE `users`.`id` = 1 LIMIT 1[0m  [["id", 1], ["LIMIT", 1]]
  [1m[36mUser Load (0.3ms)[0m  [1m[34mSELECT  `users`.* FROM `users` WHERE `users`.`id` = 10 ORDER BY `users`.`id` ASC LIMIT 1[0m
  Rendering users/show.html.haml within layouts/application
  [1m[36mUser Load (0.3ms)[0m  [1m[34mSELECT `users`.* FROM `users` WHERE `users`.`id` IN (2, 3, 4)[0m
  [1m[36mUser Load (0.2ms)[0m  [1m[34mSELECT `users`.* FROM `users` WHERE 1=0[0m
  Rendered users/show.html.haml within layouts/application (5.2ms)
  Rendered layouts/_navigation.html.haml (4.2ms)
  Rendered layouts/_messages.html.haml (1.8ms)
Completed 200 OK in 56ms (Views: 37.6ms | ActiveRecord: 1.2ms)


Started GET "/users/1" for ::1 at 2020-12-08 19:48:21 -0600
Processing by UsersController#show as HTML
  Parameters: {"id"=>"1"}
  [1m[36mUser Load (0.3ms)[0m  [1m[34mSELECT  `users`.* FROM `users` WHERE `users`.`id` = 1 LIMIT 1[0m
  [1m[36mCACHE (0.0ms)[0m  [1m[34mSELECT  `users`.* FROM `users` WHERE `users`.`id` = 1 LIMIT 1[0m  [["id", 1], ["LIMIT", 1]]
  [1m[36mUser Load (0.3ms)[0m  [1m[34mSELECT  `users`.* FROM `users` WHERE `users`.`id` = 10 ORDER BY `users`.`id` ASC LIMIT 1[0m
Completed 500 Internal Server Error in 11ms (ActiveRecord: 0.6ms)



ArgumentError - wrong number of arguments (given 1, expected 0):
  app/models/user.rb:14:in `select'
  app/models/user.rb:14:in `block in <class:User>'
  app/controllers/users_controller.rb:14:in `show'

Started POST "/__better_errors/2012e7057b7e8c9f/variables" for ::1 at 2020-12-08 19:48:21 -0600
  [1m[36mUser Load (0.2ms)[0m  [1m[34mSELECT `users`.* FROM `users` WHERE `users`.`id` IN (2, 3, 4)[0m
Started GET "/users/1" for ::1 at 2020-12-08 19:48:42 -0600
Processing by UsersController#show as HTML
  Parameters: {"id"=>"1"}
  [1m[36mUser Load (0.3ms)[0m  [1m[34mSELECT  `users`.* FROM `users` WHERE `users`.`id` = 1 LIMIT 1[0m
  [1m[36mCACHE (0.0ms)[0m  [1m[34mSELECT  `users`.* FROM `users` WHERE `users`.`id` = 1 LIMIT 1[0m  [["id", 1], ["LIMIT", 1]]
  [1m[36mUser Load (0.3ms)[0m  [1m[34mSELECT  `users`.* FROM `users` WHERE `users`.`id` = 10 ORDER BY `users`.`id` ASC LIMIT 1[0m
  Rendering users/show.html.haml within layouts/application
  [1m[36mUser Load (0.3ms)[0m  [1m[34mSELECT `users`.* FROM `users` WHERE `users`.`id` IN (2, 3, 4)[0m
  [1m[36mUser Load (0.2ms)[0m  [1m[34mSELECT `users`.* FROM `users` WHERE (1=1)[0m
  Rendered users/show.html.haml within layouts/application (5.5ms)
  Rendered layouts/_navigation.html.haml (3.5ms)
  Rendered layouts/_messages.html.haml (1.9ms)
Completed 200 OK in 48ms (Views: 36.2ms | ActiveRecord: 1.1ms)


Started GET "/users/1" for ::1 at 2020-12-08 19:50:44 -0600
Processing by UsersController#show as HTML
  Parameters: {"id"=>"1"}
  [1m[36mUser Load (0.3ms)[0m  [1m[34mSELECT  `users`.* FROM `users` WHERE `users`.`id` = 1 LIMIT 1[0m
  [1m[36mCACHE (0.0ms)[0m  [1m[34mSELECT  `users`.* FROM `users` WHERE `users`.`id` = 1 LIMIT 1[0m  [["id", 1], ["LIMIT", 1]]
Completed 500 Internal Server Error in 10ms (ActiveRecord: 0.3ms)



TypeError - no implicit conversion of Integer into Array:
  app/controllers/users_controller.rb:14:in `+'
  app/controllers/users_controller.rb:14:in `show'

Started POST "/__better_errors/966c642f473c7d8d/variables" for ::1 at 2020-12-08 19:50:44 -0600
  [1m[36mUser Load (0.7ms)[0m  [1m[34mSELECT `users`.* FROM `users` WHERE `users`.`id` IN (2, 3, 4)[0m
Started GET "/users/1" for ::1 at 2020-12-08 19:51:03 -0600
Processing by UsersController#show as HTML
  Parameters: {"id"=>"1"}
  [1m[36mUser Load (0.3ms)[0m  [1m[34mSELECT  `users`.* FROM `users` WHERE `users`.`id` = 1 LIMIT 1[0m
  [1m[36mCACHE (0.0ms)[0m  [1m[34mSELECT  `users`.* FROM `users` WHERE `users`.`id` = 1 LIMIT 1[0m  [["id", 1], ["LIMIT", 1]]
Completed 500 Internal Server Error in 12ms (ActiveRecord: 0.3ms)



NoMethodError - undefined method `merge' for [2, 3, 4]:Array:
  app/controllers/users_controller.rb:14:in `show'

Started POST "/__better_errors/26f44326367f8147/variables" for ::1 at 2020-12-08 19:51:03 -0600
  [1m[36mUser Load (0.7ms)[0m  [1m[34mSELECT `users`.* FROM `users` WHERE `users`.`id` IN (2, 3, 4)[0m
Started GET "/users/1" for ::1 at 2020-12-08 19:51:14 -0600
Processing by UsersController#show as HTML
  Parameters: {"id"=>"1"}
  [1m[36mUser Load (0.3ms)[0m  [1m[34mSELECT  `users`.* FROM `users` WHERE `users`.`id` = 1 LIMIT 1[0m
  [1m[36mCACHE (0.0ms)[0m  [1m[34mSELECT  `users`.* FROM `users` WHERE `users`.`id` = 1 LIMIT 1[0m  [["id", 1], ["LIMIT", 1]]
  [1m[36mUser Load (0.3ms)[0m  [1m[34mSELECT `users`.* FROM `users` WHERE `users`.`id` IN (2, 3, 4)[0m
Completed 500 Internal Server Error in 130ms (ActiveRecord: 0.3ms)



NoMethodError - undefined method `id' for #<UsersController:0x00007fb7e89d0f60>:
  app/controllers/users_controller.rb:15:in `show'

Started POST "/__better_errors/487ec592fcd6482c/variables" for ::1 at 2020-12-08 19:51:15 -0600
Started GET "/users/1" for ::1 at 2020-12-08 19:51:29 -0600
Processing by UsersController#show as HTML
  Parameters: {"id"=>"1"}
  [1m[36mUser Load (0.3ms)[0m  [1m[34mSELECT  `users`.* FROM `users` WHERE `users`.`id` = 1 LIMIT 1[0m
  [1m[36mCACHE (0.0ms)[0m  [1m[34mSELECT  `users`.* FROM `users` WHERE `users`.`id` = 1 LIMIT 1[0m  [["id", 1], ["LIMIT", 1]]
  Rendering users/show.html.haml within layouts/application
  [1m[36mUser Load (0.3ms)[0m  [1m[34mSELECT `users`.* FROM `users` WHERE `users`.`id` IN (2, 3, 4)[0m
  [1m[36mUser Load (0.3ms)[0m  [1m[34mSELECT `users`.* FROM `users` WHERE (`users`.`id` NOT IN (2, 3, 4, 1))[0m
  Rendered users/show.html.haml within layouts/application (6.1ms)
  [1m[36mUser Load (0.3ms)[0m  [1m[34mSELECT  `users`.* FROM `users` WHERE `users`.`id` = 10 ORDER BY `users`.`id` ASC LIMIT 1[0m
  Rendered layouts/_navigation.html.haml (4.9ms)
  Rendered layouts/_messages.html.haml (1.9ms)
Completed 200 OK in 50ms (Views: 38.3ms | ActiveRecord: 1.2ms)


Started GET "/users/4" for ::1 at 2020-12-08 19:52:05 -0600
Processing by UsersController#show as HTML
  Parameters: {"id"=>"4"}
  [1m[36mUser Load (0.3ms)[0m  [1m[34mSELECT  `users`.* FROM `users` WHERE `users`.`id` = 4 LIMIT 1[0m
  [1m[36mCACHE (0.0ms)[0m  [1m[34mSELECT  `users`.* FROM `users` WHERE `users`.`id` = 4 LIMIT 1[0m  [["id", 4], ["LIMIT", 1]]
  Rendering users/show.html.haml within layouts/application
  [1m[36mUser Load (0.3ms)[0m  [1m[34mSELECT `users`.* FROM `users` WHERE `users`.`id` = 1[0m
  [1m[36mUser Load (0.3ms)[0m  [1m[34mSELECT `users`.* FROM `users` WHERE (`users`.`id` NOT IN (1, 4))[0m
  Rendered users/show.html.haml within layouts/application (13.3ms)
  [1m[36mUser Load (0.4ms)[0m  [1m[34mSELECT  `users`.* FROM `users` WHERE `users`.`id` = 10 ORDER BY `users`.`id` ASC LIMIT 1[0m
  Rendered layouts/_navigation.html.haml (6.5ms)
  Rendered layouts/_messages.html.haml (2.6ms)
Completed 200 OK in 63ms (Views: 58.7ms | ActiveRecord: 1.3ms)


Started GET "/users/4" for ::1 at 2020-12-08 19:52:08 -0600
Processing by UsersController#show as HTML
  Parameters: {"id"=>"4"}
  [1m[36mUser Load (0.3ms)[0m  [1m[34mSELECT  `users`.* FROM `users` WHERE `users`.`id` = 4 LIMIT 1[0m
  [1m[36mCACHE (0.0ms)[0m  [1m[34mSELECT  `users`.* FROM `users` WHERE `users`.`id` = 4 LIMIT 1[0m  [["id", 4], ["LIMIT", 1]]
  Rendering users/show.html.haml within layouts/application
  [1m[36mUser Load (0.3ms)[0m  [1m[34mSELECT `users`.* FROM `users` WHERE `users`.`id` = 1[0m
  [1m[36mUser Load (0.4ms)[0m  [1m[34mSELECT `users`.* FROM `users` WHERE (`users`.`id` NOT IN (1, 4))[0m
  Rendered users/show.html.haml within layouts/application (5.7ms)
  [1m[36mUser Load (0.3ms)[0m  [1m[34mSELECT  `users`.* FROM `users` WHERE `users`.`id` = 10 ORDER BY `users`.`id` ASC LIMIT 1[0m
  Rendered layouts/_navigation.html.haml (4.8ms)
  Rendered layouts/_messages.html.haml (2.2ms)
Completed 200 OK in 45ms (Views: 40.7ms | ActiveRecord: 1.2ms)


Started GET "/users/1" for ::1 at 2020-12-08 19:52:13 -0600
Processing by UsersController#show as HTML
  Parameters: {"id"=>"1"}
  [1m[36mUser Load (0.3ms)[0m  [1m[34mSELECT  `users`.* FROM `users` WHERE `users`.`id` = 1 LIMIT 1[0m
  [1m[36mCACHE (0.0ms)[0m  [1m[34mSELECT  `users`.* FROM `users` WHERE `users`.`id` = 1 LIMIT 1[0m  [["id", 1], ["LIMIT", 1]]
  Rendering users/show.html.haml within layouts/application
  [1m[36mUser Load (0.4ms)[0m  [1m[34mSELECT `users`.* FROM `users` WHERE `users`.`id` IN (2, 3, 4)[0m
  [1m[36mUser Load (0.4ms)[0m  [1m[34mSELECT `users`.* FROM `users` WHERE (`users`.`id` NOT IN (2, 3, 4, 1))[0m
  Rendered users/show.html.haml within layouts/application (7.1ms)
  [1m[36mUser Load (0.4ms)[0m  [1m[34mSELECT  `users`.* FROM `users` WHERE `users`.`id` = 10 ORDER BY `users`.`id` ASC LIMIT 1[0m
  Rendered layouts/_navigation.html.haml (6.2ms)
  Rendered layouts/_messages.html.haml (2.2ms)
Completed 200 OK in 60ms (Views: 55.5ms | ActiveRecord: 1.5ms)


Started GET "/users/1" for ::1 at 2020-12-08 19:52:14 -0600
Processing by UsersController#show as HTML
  Parameters: {"id"=>"1"}
  [1m[36mUser Load (0.3ms)[0m  [1m[34mSELECT  `users`.* FROM `users` WHERE `users`.`id` = 1 LIMIT 1[0m
  [1m[36mCACHE (0.0ms)[0m  [1m[34mSELECT  `users`.* FROM `users` WHERE `users`.`id` = 1 LIMIT 1[0m  [["id", 1], ["LIMIT", 1]]
  Rendering users/show.html.haml within layouts/application
  [1m[36mUser Load (0.4ms)[0m  [1m[34mSELECT `users`.* FROM `users` WHERE `users`.`id` IN (2, 3, 4)[0m
  [1m[36mUser Load (0.3ms)[0m  [1m[34mSELECT `users`.* FROM `users` WHERE (`users`.`id` NOT IN (2, 3, 4, 1))[0m
  Rendered users/show.html.haml within layouts/application (7.7ms)
  [1m[36mUser Load (0.3ms)[0m  [1m[34mSELECT  `users`.* FROM `users` WHERE `users`.`id` = 10 ORDER BY `users`.`id` ASC LIMIT 1[0m
  Rendered layouts/_navigation.html.haml (6.7ms)
  Rendered layouts/_messages.html.haml (5.2ms)
Completed 200 OK in 61ms (Views: 56.2ms | ActiveRecord: 1.3ms)


Started GET "/users/4" for ::1 at 2020-12-08 19:52:16 -0600
Processing by UsersController#show as HTML
  Parameters: {"id"=>"4"}
  [1m[36mUser Load (0.3ms)[0m  [1m[34mSELECT  `users`.* FROM `users` WHERE `users`.`id` = 4 LIMIT 1[0m
  [1m[36mCACHE (0.0ms)[0m  [1m[34mSELECT  `users`.* FROM `users` WHERE `users`.`id` = 4 LIMIT 1[0m  [["id", 4], ["LIMIT", 1]]
  Rendering users/show.html.haml within layouts/application
  [1m[36mUser Load (0.3ms)[0m  [1m[34mSELECT `users`.* FROM `users` WHERE `users`.`id` = 1[0m
  [1m[36mUser Load (0.4ms)[0m  [1m[34mSELECT `users`.* FROM `users` WHERE (`users`.`id` NOT IN (1, 4))[0m
  Rendered users/show.html.haml within layouts/application (15.0ms)
  [1m[36mUser Load (0.3ms)[0m  [1m[34mSELECT  `users`.* FROM `users` WHERE `users`.`id` = 10 ORDER BY `users`.`id` ASC LIMIT 1[0m
  Rendered layouts/_navigation.html.haml (8.9ms)
  Rendered layouts/_messages.html.haml (3.7ms)
Completed 200 OK in 89ms (Views: 74.8ms | ActiveRecord: 1.3ms)


Started GET "/users/1" for ::1 at 2020-12-08 19:52:20 -0600
Processing by UsersController#show as HTML
  Parameters: {"id"=>"1"}
  [1m[36mUser Load (0.3ms)[0m  [1m[34mSELECT  `users`.* FROM `users` WHERE `users`.`id` = 1 LIMIT 1[0m
  [1m[36mCACHE (0.0ms)[0m  [1m[34mSELECT  `users`.* FROM `users` WHERE `users`.`id` = 1 LIMIT 1[0m  [["id", 1], ["LIMIT", 1]]
  Rendering users/show.html.haml within layouts/application
  [1m[36mUser Load (1.0ms)[0m  [1m[34mSELECT `users`.* FROM `users` WHERE `users`.`id` IN (2, 3, 4)[0m
  [1m[36mUser Load (0.4ms)[0m  [1m[34mSELECT `users`.* FROM `users` WHERE (`users`.`id` NOT IN (2, 3, 4, 1))[0m
  Rendered users/show.html.haml within layouts/application (12.4ms)
  [1m[36mUser Load (0.4ms)[0m  [1m[34mSELECT  `users`.* FROM `users` WHERE `users`.`id` = 10 ORDER BY `users`.`id` ASC LIMIT 1[0m
  Rendered layouts/_navigation.html.haml (5.9ms)
  Rendered layouts/_messages.html.haml (2.6ms)
Completed 200 OK in 69ms (Views: 62.8ms | ActiveRecord: 2.1ms)


Started GET "/users/1" for ::1 at 2020-12-08 19:52:21 -0600
Processing by UsersController#show as HTML
  Parameters: {"id"=>"1"}
  [1m[36mUser Load (0.3ms)[0m  [1m[34mSELECT  `users`.* FROM `users` WHERE `users`.`id` = 1 LIMIT 1[0m
  [1m[36mCACHE (0.0ms)[0m  [1m[34mSELECT  `users`.* FROM `users` WHERE `users`.`id` = 1 LIMIT 1[0m  [["id", 1], ["LIMIT", 1]]
  Rendering users/show.html.haml within layouts/application
  [1m[36mUser Load (0.5ms)[0m  [1m[34mSELECT `users`.* FROM `users` WHERE `users`.`id` IN (2, 3, 4)[0m
  [1m[36mUser Load (0.4ms)[0m  [1m[34mSELECT `users`.* FROM `users` WHERE (`users`.`id` NOT IN (2, 3, 4, 1))[0m
  Rendered users/show.html.haml within layouts/application (6.9ms)
  [1m[36mUser Load (0.5ms)[0m  [1m[34mSELECT  `users`.* FROM `users` WHERE `users`.`id` = 10 ORDER BY `users`.`id` ASC LIMIT 1[0m
  Rendered layouts/_navigation.html.haml (8.0ms)
  Rendered layouts/_messages.html.haml (3.1ms)
Completed 200 OK in 52ms (Views: 47.9ms | ActiveRecord: 1.6ms)


Started POST "/make_friends?method=post" for ::1 at 2020-12-08 19:53:14 -0600
Processing by UsersController#make_friends as HTML
  Parameters: {"utf8"=>"✓", "authenticity_token"=>"jX5oUi6x0U3CX4ykt/Hd0mW4sLRNpPbWnakRWncaCFIB7WHGSRms2h6vHbpVmxYEBQQY3ix70oQ2j03bGJWmCQ==", "friend_list"=>["5"], "user"=>"1", "commit"=>"Submit", "method"=>"post"}
  [1m[36mUser Load (0.3ms)[0m  [1m[34mSELECT  `users`.* FROM `users` WHERE `users`.`id` = 1 LIMIT 1[0m
  [1m[35m (0.1ms)[0m  [1m[35mBEGIN[0m
  [1m[35mSQL (1.4ms)[0m  [1m[33mUPDATE `users` SET `friends` = '---\n- 5\n', `updated_at` = '2020-12-09 01:53:14' WHERE `users`.`id` = 1[0m
  [1m[35m (1.8ms)[0m  [1m[35mCOMMIT[0m
  [1m[36mUser Load (0.2ms)[0m  [1m[34mSELECT `users`.* FROM `users` WHERE `users`.`id` = 5[0m
  [1m[35m (0.1ms)[0m  [1m[35mBEGIN[0m
  [1m[35mSQL (0.4ms)[0m  [1m[33mUPDATE `users` SET `friends` = '---\n- 1\n', `updated_at` = '2020-12-09 01:53:14' WHERE `users`.`id` = 5[0m
  [1m[35m (1.0ms)[0m  [1m[35mCOMMIT[0m
DEPRECATION WARNING: `redirect_to :back` is deprecated and will be removed from Rails 5.1. Please use `redirect_back(fallback_location: fallback_location)` where `fallback_location` represents the location to use if the request has no HTTP referer information. (called from make_friends at /Users/don.emory/github/backend-challenge/app/controllers/users_controller.rb:31)
Redirected to http://localhost:3000/users/1
Completed 302 Found in 12ms (ActiveRecord: 5.3ms)


Started GET "/users/1" for ::1 at 2020-12-08 19:53:14 -0600
Processing by UsersController#show as HTML
  Parameters: {"id"=>"1"}
  [1m[36mUser Load (0.4ms)[0m  [1m[34mSELECT  `users`.* FROM `users` WHERE `users`.`id` = 1 LIMIT 1[0m
  [1m[36mCACHE (0.0ms)[0m  [1m[34mSELECT  `users`.* FROM `users` WHERE `users`.`id` = 1 LIMIT 1[0m  [["id", 1], ["LIMIT", 1]]
  Rendering users/show.html.haml within layouts/application
  [1m[36mUser Load (0.3ms)[0m  [1m[34mSELECT `users`.* FROM `users` WHERE `users`.`id` = 5[0m
  [1m[36mUser Load (0.4ms)[0m  [1m[34mSELECT `users`.* FROM `users` WHERE (`users`.`id` NOT IN (5, 1))[0m
  Rendered users/show.html.haml within layouts/application (6.9ms)
  [1m[36mUser Load (0.3ms)[0m  [1m[34mSELECT  `users`.* FROM `users` WHERE `users`.`id` = 10 ORDER BY `users`.`id` ASC LIMIT 1[0m
  Rendered layouts/_navigation.html.haml (5.4ms)
  Rendered layouts/_messages.html.haml (3.8ms)
Completed 200 OK in 62ms (Views: 57.1ms | ActiveRecord: 1.4ms)


Started POST "/make_friends?method=post" for ::1 at 2020-12-08 19:53:37 -0600
Processing by UsersController#make_friends as HTML
  Parameters: {"utf8"=>"✓", "authenticity_token"=>"7ndPh5LnjuRlHDlm8OILfWM+xYfkC53kcjN1imgPRjBi5EYT9U/zc7nsqHgSiMCrA4Jt7YXUubbZFSkLB4Doaw==", "friend_list"=>["2"], "user"=>"1", "commit"=>"Submit", "method"=>"post"}
  [1m[36mUser Load (0.2ms)[0m  [1m[34mSELECT  `users`.* FROM `users` WHERE `users`.`id` = 1 LIMIT 1[0m
  [1m[35m (0.1ms)[0m  [1m[35mBEGIN[0m
  [1m[35mSQL (0.5ms)[0m  [1m[33mUPDATE `users` SET `friends` = '---\n- 5\n- - 2\n', `updated_at` = '2020-12-09 01:53:37' WHERE `users`.`id` = 1[0m
  [1m[35m (0.7ms)[0m  [1m[35mCOMMIT[0m
  [1m[36mUser Load (0.3ms)[0m  [1m[34mSELECT `users`.* FROM `users` WHERE `users`.`id` IN (5, NULL)[0m
  [1m[35m (0.1ms)[0m  [1m[35mBEGIN[0m
  [1m[35mSQL (0.3ms)[0m  [1m[33mUPDATE `users` SET `friends` = '---\n- 1\n- 1\n', `updated_at` = '2020-12-09 01:53:37' WHERE `users`.`id` = 5[0m
  [1m[35m (1.2ms)[0m  [1m[35mCOMMIT[0m
DEPRECATION WARNING: `redirect_to :back` is deprecated and will be removed from Rails 5.1. Please use `redirect_back(fallback_location: fallback_location)` where `fallback_location` represents the location to use if the request has no HTTP referer information. (called from make_friends at /Users/don.emory/github/backend-challenge/app/controllers/users_controller.rb:31)
Redirected to http://localhost:3000/users/1
Completed 302 Found in 24ms (ActiveRecord: 6.1ms)


Started GET "/users/1" for ::1 at 2020-12-08 19:53:37 -0600
Processing by UsersController#show as HTML
  Parameters: {"id"=>"1"}
  [1m[36mUser Load (0.3ms)[0m  [1m[34mSELECT  `users`.* FROM `users` WHERE `users`.`id` = 1 LIMIT 1[0m
  [1m[36mCACHE (0.0ms)[0m  [1m[34mSELECT  `users`.* FROM `users` WHERE `users`.`id` = 1 LIMIT 1[0m  [["id", 1], ["LIMIT", 1]]
  Rendering users/show.html.haml within layouts/application
  [1m[36mUser Load (0.3ms)[0m  [1m[34mSELECT `users`.* FROM `users` WHERE `users`.`id` IN (5, NULL)[0m
  [1m[36mUser Load (0.2ms)[0m  [1m[34mSELECT `users`.* FROM `users` WHERE (`users`.`id` NOT IN (5, NULL, 1))[0m
  Rendered users/show.html.haml within layouts/application (6.9ms)
  [1m[36mUser Load (0.4ms)[0m  [1m[34mSELECT  `users`.* FROM `users` WHERE `users`.`id` = 10 ORDER BY `users`.`id` ASC LIMIT 1[0m
  Rendered layouts/_navigation.html.haml (9.2ms)
  Rendered layouts/_messages.html.haml (4.4ms)
Completed 200 OK in 57ms (Views: 52.9ms | ActiveRecord: 1.2ms)


Started GET "/users/1" for ::1 at 2020-12-08 19:54:00 -0600
Processing by UsersController#show as HTML
  Parameters: {"id"=>"1"}
  [1m[36mUser Load (0.4ms)[0m  [1m[34mSELECT  `users`.* FROM `users` WHERE `users`.`id` = 1 LIMIT 1[0m
  [1m[36mCACHE (0.0ms)[0m  [1m[34mSELECT  `users`.* FROM `users` WHERE `users`.`id` = 1 LIMIT 1[0m  [["id", 1], ["LIMIT", 1]]
  Rendering users/show.html.haml within layouts/application
  [1m[36mUser Load (0.3ms)[0m  [1m[34mSELECT `users`.* FROM `users` WHERE `users`.`id` IN (5, NULL)[0m
  [1m[36mUser Load (0.4ms)[0m  [1m[34mSELECT `users`.* FROM `users` WHERE (`users`.`id` NOT IN (5, NULL, 1))[0m
  Rendered users/show.html.haml within layouts/application (5.6ms)
  [1m[36mUser Load (0.3ms)[0m  [1m[34mSELECT  `users`.* FROM `users` WHERE `users`.`id` = 10 ORDER BY `users`.`id` ASC LIMIT 1[0m
  Rendered layouts/_navigation.html.haml (4.5ms)
  Rendered layouts/_messages.html.haml (1.8ms)
Completed 200 OK in 48ms (Views: 37.2ms | ActiveRecord: 1.3ms)


Started GET "/users/1" for ::1 at 2020-12-08 19:54:28 -0600
Processing by UsersController#show as HTML
  Parameters: {"id"=>"1"}
  [1m[36mUser Load (0.5ms)[0m  [1m[34mSELECT  `users`.* FROM `users` WHERE `users`.`id` = 1 LIMIT 1[0m
  [1m[36mCACHE (0.0ms)[0m  [1m[34mSELECT  `users`.* FROM `users` WHERE `users`.`id` = 1 LIMIT 1[0m  [["id", 1], ["LIMIT", 1]]
  Rendering users/show.html.haml within layouts/application
  [1m[36mUser Load (0.2ms)[0m  [1m[34mSELECT `users`.* FROM `users` WHERE 1=0[0m
  [1m[36mUser Load (0.3ms)[0m  [1m[34mSELECT `users`.* FROM `users` WHERE (`users`.`id` != 1)[0m
  Rendered users/show.html.haml within layouts/application (6.1ms)
  [1m[36mUser Load (0.3ms)[0m  [1m[34mSELECT  `users`.* FROM `users` WHERE `users`.`id` = 10 ORDER BY `users`.`id` ASC LIMIT 1[0m
  Rendered layouts/_navigation.html.haml (6.9ms)
  Rendered layouts/_messages.html.haml (2.4ms)
Completed 200 OK in 70ms (Views: 62.6ms | ActiveRecord: 1.4ms)


Started POST "/make_friends?method=post" for ::1 at 2020-12-08 19:54:33 -0600
Processing by UsersController#make_friends as HTML
  Parameters: {"utf8"=>"✓", "authenticity_token"=>"4rWWrBsKfk+IFZckDFYrwDOEUNjBKIpnO2vnanRs9AduJp84fKID2FTlBjruPOAWUzj4sqD3rjWQTbvrG+NaXA==", "friend_list"=>["2", "3"], "user"=>"1", "commit"=>"Submit", "method"=>"post"}
  [1m[36mUser Load (0.3ms)[0m  [1m[34mSELECT  `users`.* FROM `users` WHERE `users`.`id` = 1 LIMIT 1[0m
  [1m[35m (0.2ms)[0m  [1m[35mBEGIN[0m
  [1m[35mSQL (1.4ms)[0m  [1m[33mUPDATE `users` SET `friends` = '---\n- - 2\n  - 3\n', `updated_at` = '2020-12-09 01:54:33' WHERE `users`.`id` = 1[0m
  [1m[35m (1.3ms)[0m  [1m[35mCOMMIT[0m
  [1m[36mUser Load (0.3ms)[0m  [1m[34mSELECT `users`.* FROM `users` WHERE `users`.`id` IN (2, 3)[0m
  [1m[35m (0.2ms)[0m  [1m[35mBEGIN[0m
  [1m[35mSQL (0.5ms)[0m  [1m[33mUPDATE `users` SET `friends` = '---\n- 1\n- 1\n', `updated_at` = '2020-12-09 01:54:33' WHERE `users`.`id` = 2[0m
  [1m[35m (0.5ms)[0m  [1m[35mCOMMIT[0m
  [1m[35m (0.1ms)[0m  [1m[35mBEGIN[0m
  [1m[35mSQL (0.3ms)[0m  [1m[33mUPDATE `users` SET `friends` = '---\n- 1\n- 1\n', `updated_at` = '2020-12-09 01:54:33' WHERE `users`.`id` = 3[0m
  [1m[35m (0.7ms)[0m  [1m[35mCOMMIT[0m
DEPRECATION WARNING: `redirect_to :back` is deprecated and will be removed from Rails 5.1. Please use `redirect_back(fallback_location: fallback_location)` where `fallback_location` represents the location to use if the request has no HTTP referer information. (called from make_friends at /Users/don.emory/github/backend-challenge/app/controllers/users_controller.rb:31)
Redirected to http://localhost:3000/users/1
Completed 302 Found in 16ms (ActiveRecord: 5.7ms)


Started GET "/users/1" for ::1 at 2020-12-08 19:54:33 -0600
Processing by UsersController#show as HTML
  Parameters: {"id"=>"1"}
  [1m[36mUser Load (0.3ms)[0m  [1m[34mSELECT  `users`.* FROM `users` WHERE `users`.`id` = 1 LIMIT 1[0m
  [1m[36mCACHE (0.0ms)[0m  [1m[34mSELECT  `users`.* FROM `users` WHERE `users`.`id` = 1 LIMIT 1[0m  [["id", 1], ["LIMIT", 1]]
  Rendering users/show.html.haml within layouts/application
  [1m[36mUser Load (0.4ms)[0m  [1m[34mSELECT `users`.* FROM `users` WHERE `users`.`id` IN (2, 3)[0m
  [1m[36mUser Load (0.5ms)[0m  [1m[34mSELECT `users`.* FROM `users` WHERE (`users`.`id` NOT IN (NULL, 1))[0m
  Rendered users/show.html.haml within layouts/application (6.6ms)
  [1m[36mUser Load (0.4ms)[0m  [1m[34mSELECT  `users`.* FROM `users` WHERE `users`.`id` = 10 ORDER BY `users`.`id` ASC LIMIT 1[0m
  Rendered layouts/_navigation.html.haml (4.9ms)
  Rendered layouts/_messages.html.haml (2.4ms)
Completed 200 OK in 49ms (Views: 44.8ms | ActiveRecord: 1.5ms)


Started GET "/users/1" for ::1 at 2020-12-08 19:54:38 -0600
Processing by UsersController#show as HTML
  Parameters: {"id"=>"1"}
  [1m[36mUser Load (0.7ms)[0m  [1m[34mSELECT  `users`.* FROM `users` WHERE `users`.`id` = 1 LIMIT 1[0m
  [1m[36mCACHE (0.0ms)[0m  [1m[34mSELECT  `users`.* FROM `users` WHERE `users`.`id` = 1 LIMIT 1[0m  [["id", 1], ["LIMIT", 1]]
  Rendering users/show.html.haml within layouts/application
  [1m[36mUser Load (0.5ms)[0m  [1m[34mSELECT `users`.* FROM `users` WHERE `users`.`id` IN (2, 3)[0m
  [1m[36mUser Load (0.5ms)[0m  [1m[34mSELECT `users`.* FROM `users` WHERE (`users`.`id` NOT IN (NULL, 1))[0m
  Rendered users/show.html.haml within layouts/application (9.6ms)
  [1m[36mUser Load (0.4ms)[0m  [1m[34mSELECT  `users`.* FROM `users` WHERE `users`.`id` = 10 ORDER BY `users`.`id` ASC LIMIT 1[0m
  Rendered layouts/_navigation.html.haml (7.2ms)
  Rendered layouts/_messages.html.haml (2.3ms)
Completed 200 OK in 63ms (Views: 54.9ms | ActiveRecord: 2.1ms)


Started GET "/users/1" for ::1 at 2020-12-08 19:55:55 -0600
Processing by UsersController#show as HTML
  Parameters: {"id"=>"1"}
  [1m[36mUser Load (0.2ms)[0m  [1m[34mSELECT  `users`.* FROM `users` WHERE `users`.`id` = 1 LIMIT 1[0m
  [1m[36mCACHE (0.0ms)[0m  [1m[34mSELECT  `users`.* FROM `users` WHERE `users`.`id` = 1 LIMIT 1[0m  [["id", 1], ["LIMIT", 1]]
  Rendering users/show.html.haml within layouts/application
  [1m[36mUser Load (0.2ms)[0m  [1m[34mSELECT `users`.* FROM `users` WHERE 1=0[0m
  [1m[36mUser Load (0.3ms)[0m  [1m[34mSELECT `users`.* FROM `users` WHERE (`users`.`id` != 1)[0m
  Rendered users/show.html.haml within layouts/application (5.0ms)
  [1m[36mUser Load (0.3ms)[0m  [1m[34mSELECT  `users`.* FROM `users` WHERE `users`.`id` = 10 ORDER BY `users`.`id` ASC LIMIT 1[0m
  Rendered layouts/_navigation.html.haml (4.6ms)
  Rendered layouts/_messages.html.haml (2.5ms)
Completed 200 OK in 58ms (Views: 44.8ms | ActiveRecord: 3.4ms)


Started POST "/make_friends?method=post" for ::1 at 2020-12-08 19:55:57 -0600
Processing by UsersController#make_friends as HTML
  Parameters: {"utf8"=>"✓", "authenticity_token"=>"4VS0wZLIQ2OXi/6kMfis7iibl65MoQhlOJM/mfH/3kJtx71V9WA+9Et7b7rTkmc4SCc/xC1+LDeTtWMYnnBwGQ==", "friend_list"=>["2"], "user"=>"1", "commit"=>"Submit", "method"=>"post"}
  [1m[36mUser Load (0.3ms)[0m  [1m[34mSELECT  `users`.* FROM `users` WHERE `users`.`id` = 1 LIMIT 1[0m
  [1m[35m (0.1ms)[0m  [1m[35mBEGIN[0m
  [1m[35mSQL (1.5ms)[0m  [1m[33mUPDATE `users` SET `friends` = '---\n- 2\n', `updated_at` = '2020-12-09 01:55:57' WHERE `users`.`id` = 1[0m
  [1m[35m (1.2ms)[0m  [1m[35mCOMMIT[0m
  [1m[36mUser Load (0.3ms)[0m  [1m[34mSELECT `users`.* FROM `users` WHERE `users`.`id` = 2[0m
  [1m[35m (0.1ms)[0m  [1m[35mBEGIN[0m
  [1m[35mSQL (0.3ms)[0m  [1m[33mUPDATE `users` SET `friends` = '---\n- 1\n- 1\n- 1\n', `updated_at` = '2020-12-09 01:55:57' WHERE `users`.`id` = 2[0m
  [1m[35m (0.6ms)[0m  [1m[35mCOMMIT[0m
DEPRECATION WARNING: `redirect_to :back` is deprecated and will be removed from Rails 5.1. Please use `redirect_back(fallback_location: fallback_location)` where `fallback_location` represents the location to use if the request has no HTTP referer information. (called from make_friends at /Users/don.emory/github/backend-challenge/app/controllers/users_controller.rb:31)
Redirected to http://localhost:3000/users/1
Completed 302 Found in 12ms (ActiveRecord: 4.4ms)


Started GET "/users/1" for ::1 at 2020-12-08 19:55:57 -0600
Processing by UsersController#show as HTML
  Parameters: {"id"=>"1"}
  [1m[36mUser Load (0.3ms)[0m  [1m[34mSELECT  `users`.* FROM `users` WHERE `users`.`id` = 1 LIMIT 1[0m
  [1m[36mCACHE (0.0ms)[0m  [1m[34mSELECT  `users`.* FROM `users` WHERE `users`.`id` = 1 LIMIT 1[0m  [["id", 1], ["LIMIT", 1]]
  Rendering users/show.html.haml within layouts/application
  [1m[36mUser Load (0.3ms)[0m  [1m[34mSELECT `users`.* FROM `users` WHERE `users`.`id` = 2[0m
  [1m[36mUser Load (0.3ms)[0m  [1m[34mSELECT `users`.* FROM `users` WHERE (`users`.`id` NOT IN (2, 1))[0m
  Rendered users/show.html.haml within layouts/application (5.5ms)
  [1m[36mUser Load (0.3ms)[0m  [1m[34mSELECT  `users`.* FROM `users` WHERE `users`.`id` = 10 ORDER BY `users`.`id` ASC LIMIT 1[0m
  Rendered layouts/_navigation.html.haml (5.1ms)
  Rendered layouts/_messages.html.haml (2.1ms)
Completed 200 OK in 57ms (Views: 53.2ms | ActiveRecord: 1.2ms)


Started POST "/make_friends?method=post" for ::1 at 2020-12-08 19:56:02 -0600
Processing by UsersController#make_friends as HTML
  Parameters: {"utf8"=>"✓", "authenticity_token"=>"VgXoWSWn0Z+zxQ1eCYyvMDert+5iMvO/0q5AiKIwstXaluHNQg+sCG81nEDr5mTmVxcfhAPt1+15iBwJzb8cjg==", "friend_list"=>["3", "4"], "user"=>"1", "commit"=>"Submit", "method"=>"post"}
  [1m[36mUser Load (0.3ms)[0m  [1m[34mSELECT  `users`.* FROM `users` WHERE `users`.`id` = 1 LIMIT 1[0m
  [1m[35m (0.1ms)[0m  [1m[35mBEGIN[0m
  [1m[35mSQL (0.6ms)[0m  [1m[33mUPDATE `users` SET `friends` = '---\n- 2\n- 3\n- 4\n', `updated_at` = '2020-12-09 01:56:02' WHERE `users`.`id` = 1[0m
  [1m[35m (0.6ms)[0m  [1m[35mCOMMIT[0m
  [1m[36mUser Load (0.3ms)[0m  [1m[34mSELECT `users`.* FROM `users` WHERE `users`.`id` IN (2, 3, 4)[0m
  [1m[35m (0.1ms)[0m  [1m[35mBEGIN[0m
  [1m[35mSQL (1.0ms)[0m  [1m[33mUPDATE `users` SET `friends` = '---\n- 1\n- 1\n- 1\n- 1\n', `updated_at` = '2020-12-09 01:56:02' WHERE `users`.`id` = 2[0m
  [1m[35m (0.4ms)[0m  [1m[35mCOMMIT[0m
  [1m[35m (0.1ms)[0m  [1m[35mBEGIN[0m
  [1m[35mSQL (0.4ms)[0m  [1m[33mUPDATE `users` SET `friends` = '---\n- 1\n- 1\n- 1\n', `updated_at` = '2020-12-09 01:56:02' WHERE `users`.`id` = 3[0m
  [1m[35m (0.5ms)[0m  [1m[35mCOMMIT[0m
  [1m[35m (0.1ms)[0m  [1m[35mBEGIN[0m
  [1m[35mSQL (0.3ms)[0m  [1m[33mUPDATE `users` SET `friends` = '---\n- 1\n- 1\n', `updated_at` = '2020-12-09 01:56:02' WHERE `users`.`id` = 4[0m
  [1m[35m (1.0ms)[0m  [1m[35mCOMMIT[0m
DEPRECATION WARNING: `redirect_to :back` is deprecated and will be removed from Rails 5.1. Please use `redirect_back(fallback_location: fallback_location)` where `fallback_location` represents the location to use if the request has no HTTP referer information. (called from make_friends at /Users/don.emory/github/backend-challenge/app/controllers/users_controller.rb:31)
Redirected to http://localhost:3000/users/1
Completed 302 Found in 18ms (ActiveRecord: 5.6ms)


Started GET "/users/1" for ::1 at 2020-12-08 19:56:02 -0600
Processing by UsersController#show as HTML
  Parameters: {"id"=>"1"}
  [1m[36mUser Load (0.3ms)[0m  [1m[34mSELECT  `users`.* FROM `users` WHERE `users`.`id` = 1 LIMIT 1[0m
  [1m[36mCACHE (0.0ms)[0m  [1m[34mSELECT  `users`.* FROM `users` WHERE `users`.`id` = 1 LIMIT 1[0m  [["id", 1], ["LIMIT", 1]]
  Rendering users/show.html.haml within layouts/application
  [1m[36mUser Load (0.3ms)[0m  [1m[34mSELECT `users`.* FROM `users` WHERE `users`.`id` IN (2, 3, 4)[0m
  [1m[36mUser Load (0.3ms)[0m  [1m[34mSELECT `users`.* FROM `users` WHERE (`users`.`id` NOT IN (2, 3, 4, 1))[0m
  Rendered users/show.html.haml within layouts/application (5.8ms)
  [1m[36mUser Load (0.4ms)[0m  [1m[34mSELECT  `users`.* FROM `users` WHERE `users`.`id` = 10 ORDER BY `users`.`id` ASC LIMIT 1[0m
  Rendered layouts/_navigation.html.haml (6.1ms)
  Rendered layouts/_messages.html.haml (2.9ms)
Completed 200 OK in 48ms (Views: 43.7ms | ActiveRecord: 1.3ms)


Started POST "/make_friends?method=post" for ::1 at 2020-12-08 19:56:05 -0600
Processing by UsersController#make_friends as HTML
  Parameters: {"utf8"=>"✓", "authenticity_token"=>"mjuiXfGN1HcrNzZIJ0YxGROjoLX6h9Rid3COKzGTofYWqKvJliWp4PfHp1bFLPrPcx8I35tY8DDcVtKqXhwPrQ==", "friend_list"=>["6"], "user"=>"1", "commit"=>"Submit", "method"=>"post"}
  [1m[36mUser Load (0.3ms)[0m  [1m[34mSELECT  `users`.* FROM `users` WHERE `users`.`id` = 1 LIMIT 1[0m
  [1m[35m (0.1ms)[0m  [1m[35mBEGIN[0m
  [1m[35mSQL (0.4ms)[0m  [1m[33mUPDATE `users` SET `friends` = '---\n- 2\n- 3\n- 4\n- 6\n', `updated_at` = '2020-12-09 01:56:05' WHERE `users`.`id` = 1[0m
  [1m[35m (0.5ms)[0m  [1m[35mCOMMIT[0m
  [1m[36mUser Load (0.3ms)[0m  [1m[34mSELECT `users`.* FROM `users` WHERE `users`.`id` IN (2, 3, 4, 6)[0m
  [1m[35m (0.1ms)[0m  [1m[35mBEGIN[0m
  [1m[35mSQL (0.9ms)[0m  [1m[33mUPDATE `users` SET `friends` = '---\n- 1\n- 1\n- 1\n- 1\n- 1\n', `updated_at` = '2020-12-09 01:56:05' WHERE `users`.`id` = 2[0m
  [1m[35m (0.4ms)[0m  [1m[35mCOMMIT[0m
  [1m[35m (0.1ms)[0m  [1m[35mBEGIN[0m
  [1m[35mSQL (0.3ms)[0m  [1m[33mUPDATE `users` SET `friends` = '---\n- 1\n- 1\n- 1\n- 1\n', `updated_at` = '2020-12-09 01:56:05' WHERE `users`.`id` = 3[0m
  [1m[35m (0.4ms)[0m  [1m[35mCOMMIT[0m
  [1m[35m (0.1ms)[0m  [1m[35mBEGIN[0m
  [1m[35mSQL (0.3ms)[0m  [1m[33mUPDATE `users` SET `friends` = '---\n- 1\n- 1\n- 1\n', `updated_at` = '2020-12-09 01:56:05' WHERE `users`.`id` = 4[0m
  [1m[35m (0.5ms)[0m  [1m[35mCOMMIT[0m
  [1m[35m (0.1ms)[0m  [1m[35mBEGIN[0m
  [1m[35mSQL (0.9ms)[0m  [1m[33mUPDATE `users` SET `friends` = '---\n- 1\n', `updated_at` = '2020-12-09 01:56:05' WHERE `users`.`id` = 6[0m
  [1m[35m (0.9ms)[0m  [1m[35mCOMMIT[0m
DEPRECATION WARNING: `redirect_to :back` is deprecated and will be removed from Rails 5.1. Please use `redirect_back(fallback_location: fallback_location)` where `fallback_location` represents the location to use if the request has no HTTP referer information. (called from make_friends at /Users/don.emory/github/backend-challenge/app/controllers/users_controller.rb:31)
Redirected to http://localhost:3000/users/1
Completed 302 Found in 21ms (ActiveRecord: 6.7ms)


Started GET "/users/1" for ::1 at 2020-12-08 19:56:05 -0600
Processing by UsersController#show as HTML
  Parameters: {"id"=>"1"}
  [1m[36mUser Load (0.3ms)[0m  [1m[34mSELECT  `users`.* FROM `users` WHERE `users`.`id` = 1 LIMIT 1[0m
  [1m[36mCACHE (0.0ms)[0m  [1m[34mSELECT  `users`.* FROM `users` WHERE `users`.`id` = 1 LIMIT 1[0m  [["id", 1], ["LIMIT", 1]]
  Rendering users/show.html.haml within layouts/application
  [1m[36mUser Load (0.4ms)[0m  [1m[34mSELECT `users`.* FROM `users` WHERE `users`.`id` IN (2, 3, 4, 6)[0m
  [1m[36mUser Load (0.3ms)[0m  [1m[34mSELECT `users`.* FROM `users` WHERE (`users`.`id` NOT IN (2, 3, 4, 6, 1))[0m
  Rendered users/show.html.haml within layouts/application (5.8ms)
  [1m[36mUser Load (0.3ms)[0m  [1m[34mSELECT  `users`.* FROM `users` WHERE `users`.`id` = 10 ORDER BY `users`.`id` ASC LIMIT 1[0m
  Rendered layouts/_navigation.html.haml (5.4ms)
  Rendered layouts/_messages.html.haml (2.1ms)
Completed 200 OK in 46ms (Views: 41.9ms | ActiveRecord: 1.2ms)


Started POST "/make_friends?method=post" for ::1 at 2020-12-08 19:56:10 -0600
Processing by UsersController#make_friends as HTML
  Parameters: {"utf8"=>"✓", "authenticity_token"=>"ar0Tt+K3r59Yt6Uc1jaYnmZuOY3dLvbExykZGPHuROzmLhojhR/SCIRHNAI0XFNIBtKR57zx0pZsD0WZnmHqtw==", "friend_list"=>["9"], "user"=>"1", "commit"=>"Submit", "method"=>"post"}
  [1m[36mUser Load (0.3ms)[0m  [1m[34mSELECT  `users`.* FROM `users` WHERE `users`.`id` = 1 LIMIT 1[0m
  [1m[35m (0.1ms)[0m  [1m[35mBEGIN[0m
  [1m[35mSQL (0.4ms)[0m  [1m[33mUPDATE `users` SET `friends` = '---\n- 2\n- 3\n- 4\n- 6\n- 9\n', `updated_at` = '2020-12-09 01:56:10' WHERE `users`.`id` = 1[0m
  [1m[35m (0.8ms)[0m  [1m[35mCOMMIT[0m
  [1m[36mUser Load (0.3ms)[0m  [1m[34mSELECT `users`.* FROM `users` WHERE `users`.`id` IN (2, 3, 4, 6, 9)[0m
  [1m[35m (0.1ms)[0m  [1m[35mBEGIN[0m
  [1m[35mSQL (0.3ms)[0m  [1m[33mUPDATE `users` SET `friends` = '---\n- 1\n- 1\n- 1\n- 1\n- 1\n- 1\n', `updated_at` = '2020-12-09 01:56:10' WHERE `users`.`id` = 2[0m
  [1m[35m (0.6ms)[0m  [1m[35mCOMMIT[0m
  [1m[35m (0.1ms)[0m  [1m[35mBEGIN[0m
  [1m[35mSQL (1.6ms)[0m  [1m[33mUPDATE `users` SET `friends` = '---\n- 1\n- 1\n- 1\n- 1\n- 1\n', `updated_at` = '2020-12-09 01:56:10' WHERE `users`.`id` = 3[0m
  [1m[35m (0.4ms)[0m  [1m[35mCOMMIT[0m
  [1m[35m (0.1ms)[0m  [1m[35mBEGIN[0m
  [1m[35mSQL (0.4ms)[0m  [1m[33mUPDATE `users` SET `friends` = '---\n- 1\n- 1\n- 1\n- 1\n', `updated_at` = '2020-12-09 01:56:10' WHERE `users`.`id` = 4[0m
  [1m[35m (0.4ms)[0m  [1m[35mCOMMIT[0m
  [1m[35m (0.1ms)[0m  [1m[35mBEGIN[0m
  [1m[35mSQL (0.3ms)[0m  [1m[33mUPDATE `users` SET `friends` = '---\n- 1\n- 1\n', `updated_at` = '2020-12-09 01:56:10' WHERE `users`.`id` = 6[0m
  [1m[35m (0.4ms)[0m  [1m[35mCOMMIT[0m
  [1m[35m (0.1ms)[0m  [1m[35mBEGIN[0m
  [1m[35mSQL (0.2ms)[0m  [1m[33mUPDATE `users` SET `friends` = '---\n- 1\n', `updated_at` = '2020-12-09 01:56:10' WHERE `users`.`id` = 9[0m
  [1m[35m (0.4ms)[0m  [1m[35mCOMMIT[0m
DEPRECATION WARNING: `redirect_to :back` is deprecated and will be removed from Rails 5.1. Please use `redirect_back(fallback_location: fallback_location)` where `fallback_location` represents the location to use if the request has no HTTP referer information. (called from make_friends at /Users/don.emory/github/backend-challenge/app/controllers/users_controller.rb:31)
Redirected to http://localhost:3000/users/1
Completed 302 Found in 25ms (ActiveRecord: 7.4ms)


Started GET "/users/1" for ::1 at 2020-12-08 19:56:10 -0600
Processing by UsersController#show as HTML
  Parameters: {"id"=>"1"}
  [1m[36mUser Load (0.3ms)[0m  [1m[34mSELECT  `users`.* FROM `users` WHERE `users`.`id` = 1 LIMIT 1[0m
  [1m[36mCACHE (0.0ms)[0m  [1m[34mSELECT  `users`.* FROM `users` WHERE `users`.`id` = 1 LIMIT 1[0m  [["id", 1], ["LIMIT", 1]]
  Rendering users/show.html.haml within layouts/application
  [1m[36mUser Load (0.4ms)[0m  [1m[34mSELECT `users`.* FROM `users` WHERE `users`.`id` IN (2, 3, 4, 6, 9)[0m
  [1m[36mUser Load (0.3ms)[0m  [1m[34mSELECT `users`.* FROM `users` WHERE (`users`.`id` NOT IN (2, 3, 4, 6, 9, 1))[0m
  Rendered users/show.html.haml within layouts/application (6.0ms)
  [1m[36mUser Load (0.3ms)[0m  [1m[34mSELECT  `users`.* FROM `users` WHERE `users`.`id` = 10 ORDER BY `users`.`id` ASC LIMIT 1[0m
  Rendered layouts/_navigation.html.haml (4.9ms)
  Rendered layouts/_messages.html.haml (2.1ms)
Completed 200 OK in 47ms (Views: 42.7ms | ActiveRecord: 1.2ms)


Started GET "/users/9" for ::1 at 2020-12-08 19:56:12 -0600
Processing by UsersController#show as HTML
  Parameters: {"id"=>"9"}
  [1m[36mUser Load (0.3ms)[0m  [1m[34mSELECT  `users`.* FROM `users` WHERE `users`.`id` = 9 LIMIT 1[0m
  [1m[36mCACHE (0.0ms)[0m  [1m[34mSELECT  `users`.* FROM `users` WHERE `users`.`id` = 9 LIMIT 1[0m  [["id", 9], ["LIMIT", 1]]
  Rendering users/show.html.haml within layouts/application
  [1m[36mUser Load (0.3ms)[0m  [1m[34mSELECT `users`.* FROM `users` WHERE `users`.`id` = 1[0m
  [1m[36mUser Load (0.6ms)[0m  [1m[34mSELECT `users`.* FROM `users` WHERE (`users`.`id` NOT IN (1, 9))[0m
  Rendered users/show.html.haml within layouts/application (6.9ms)
  [1m[36mUser Load (0.3ms)[0m  [1m[34mSELECT  `users`.* FROM `users` WHERE `users`.`id` = 10 ORDER BY `users`.`id` ASC LIMIT 1[0m
  Rendered layouts/_navigation.html.haml (5.9ms)
  Rendered layouts/_messages.html.haml (2.4ms)
Completed 200 OK in 48ms (Views: 44.3ms | ActiveRecord: 1.5ms)


Started GET "/users/9" for ::1 at 2020-12-08 19:56:14 -0600
Processing by UsersController#show as HTML
  Parameters: {"id"=>"9"}
  [1m[36mUser Load (0.3ms)[0m  [1m[34mSELECT  `users`.* FROM `users` WHERE `users`.`id` = 9 LIMIT 1[0m
  [1m[36mCACHE (0.0ms)[0m  [1m[34mSELECT  `users`.* FROM `users` WHERE `users`.`id` = 9 LIMIT 1[0m  [["id", 9], ["LIMIT", 1]]
  Rendering users/show.html.haml within layouts/application
  [1m[36mUser Load (0.4ms)[0m  [1m[34mSELECT `users`.* FROM `users` WHERE `users`.`id` = 1[0m
  [1m[36mUser Load (0.3ms)[0m  [1m[34mSELECT `users`.* FROM `users` WHERE (`users`.`id` NOT IN (1, 9))[0m
  Rendered users/show.html.haml within layouts/application (6.1ms)
  [1m[36mUser Load (0.4ms)[0m  [1m[34mSELECT  `users`.* FROM `users` WHERE `users`.`id` = 10 ORDER BY `users`.`id` ASC LIMIT 1[0m
  Rendered layouts/_navigation.html.haml (5.9ms)
  Rendered layouts/_messages.html.haml (2.1ms)
Completed 200 OK in 47ms (Views: 42.3ms | ActiveRecord: 1.4ms)


Started GET "/users/1" for ::1 at 2020-12-08 19:56:18 -0600
Processing by UsersController#show as HTML
  Parameters: {"id"=>"1"}
  [1m[36mUser Load (0.3ms)[0m  [1m[34mSELECT  `users`.* FROM `users` WHERE `users`.`id` = 1 LIMIT 1[0m
  [1m[36mCACHE (0.0ms)[0m  [1m[34mSELECT  `users`.* FROM `users` WHERE `users`.`id` = 1 LIMIT 1[0m  [["id", 1], ["LIMIT", 1]]
  Rendering users/show.html.haml within layouts/application
  [1m[36mUser Load (0.6ms)[0m  [1m[34mSELECT `users`.* FROM `users` WHERE `users`.`id` IN (2, 3, 4, 6, 9)[0m
  [1m[36mUser Load (0.4ms)[0m  [1m[34mSELECT `users`.* FROM `users` WHERE (`users`.`id` NOT IN (2, 3, 4, 6, 9, 1))[0m
  Rendered users/show.html.haml within layouts/application (8.0ms)
  [1m[36mUser Load (0.4ms)[0m  [1m[34mSELECT  `users`.* FROM `users` WHERE `users`.`id` = 10 ORDER BY `users`.`id` ASC LIMIT 1[0m
  Rendered layouts/_navigation.html.haml (5.7ms)
  Rendered layouts/_messages.html.haml (2.0ms)
Completed 200 OK in 59ms (Views: 54.5ms | ActiveRecord: 1.7ms)


Started GET "/users/1" for ::1 at 2020-12-08 19:56:21 -0600
Processing by UsersController#show as HTML
  Parameters: {"id"=>"1"}
  [1m[36mUser Load (0.3ms)[0m  [1m[34mSELECT  `users`.* FROM `users` WHERE `users`.`id` = 1 LIMIT 1[0m
  [1m[36mCACHE (0.0ms)[0m  [1m[34mSELECT  `users`.* FROM `users` WHERE `users`.`id` = 1 LIMIT 1[0m  [["id", 1], ["LIMIT", 1]]
  Rendering users/show.html.haml within layouts/application
  [1m[36mUser Load (0.3ms)[0m  [1m[34mSELECT `users`.* FROM `users` WHERE `users`.`id` IN (2, 3, 4, 6, 9)[0m
  [1m[36mUser Load (0.3ms)[0m  [1m[34mSELECT `users`.* FROM `users` WHERE (`users`.`id` NOT IN (2, 3, 4, 6, 9, 1))[0m
  Rendered users/show.html.haml within layouts/application (5.7ms)
  [1m[36mUser Load (0.3ms)[0m  [1m[34mSELECT  `users`.* FROM `users` WHERE `users`.`id` = 10 ORDER BY `users`.`id` ASC LIMIT 1[0m
  Rendered layouts/_navigation.html.haml (4.8ms)
  Rendered layouts/_messages.html.haml (1.9ms)
Completed 200 OK in 45ms (Views: 41.0ms | ActiveRecord: 1.1ms)


Started GET "/users/9" for ::1 at 2020-12-08 20:04:33 -0600
Processing by UsersController#show as HTML
  Parameters: {"id"=>"9"}
  [1m[36mUser Load (0.3ms)[0m  [1m[34mSELECT  `users`.* FROM `users` WHERE `users`.`id` = 9 LIMIT 1[0m
  [1m[36mCACHE (0.0ms)[0m  [1m[34mSELECT  `users`.* FROM `users` WHERE `users`.`id` = 9 LIMIT 1[0m  [["id", 9], ["LIMIT", 1]]
  Rendering users/show.html.haml within layouts/application
  Rendered users/show.html.haml within layouts/application (1.8ms)
Completed 500 Internal Server Error in 7ms (ActiveRecord: 0.3ms)



Haml::SyntaxError - Illegal nesting: content can't be both given on the same line as %h1 and nested within it.:
  app/views/users/show.html.haml:26:in `'
  app/views/users/show.html.haml:26:in `'

Started POST "/__better_errors/9d0424b6473f25ed/variables" for ::1 at 2020-12-08 20:04:33 -0600
  [1m[36mUser Load (0.3ms)[0m  [1m[34mSELECT `users`.* FROM `users` WHERE `users`.`id` = 1[0m
  [1m[36mUser Load (0.4ms)[0m  [1m[34mSELECT `users`.* FROM `users` WHERE (`users`.`id` NOT IN (1, 9))[0m
Started GET "/users/9" for ::1 at 2020-12-08 20:04:41 -0600
Processing by UsersController#show as HTML
  Parameters: {"id"=>"9"}
  [1m[36mUser Load (0.3ms)[0m  [1m[34mSELECT  `users`.* FROM `users` WHERE `users`.`id` = 9 LIMIT 1[0m
  [1m[36mCACHE (0.0ms)[0m  [1m[34mSELECT  `users`.* FROM `users` WHERE `users`.`id` = 9 LIMIT 1[0m  [["id", 9], ["LIMIT", 1]]
  Rendering users/show.html.haml within layouts/application
  [1m[36mUser Load (0.3ms)[0m  [1m[34mSELECT `users`.* FROM `users` WHERE `users`.`id` = 1[0m
  [1m[36mUser Load (0.2ms)[0m  [1m[34mSELECT  `users`.* FROM `users` WHERE `users`.`id` = 10 ORDER BY `users`.`id` ASC LIMIT 1[0m
  [1m[36mUser Load (0.4ms)[0m  [1m[34mSELECT `users`.* FROM `users` WHERE (`users`.`id` NOT IN (1, 9))[0m
  Rendered users/show.html.haml within layouts/application (8.3ms)
  Rendered layouts/_navigation.html.haml (3.9ms)
  Rendered layouts/_messages.html.haml (1.8ms)
Completed 200 OK in 46ms (Views: 42.6ms | ActiveRecord: 1.1ms)


Started GET "/users/9" for ::1 at 2020-12-08 20:04:51 -0600
Processing by UsersController#show as HTML
  Parameters: {"id"=>"9"}
  [1m[36mUser Load (0.3ms)[0m  [1m[34mSELECT  `users`.* FROM `users` WHERE `users`.`id` = 9 LIMIT 1[0m
  [1m[36mCACHE (0.0ms)[0m  [1m[34mSELECT  `users`.* FROM `users` WHERE `users`.`id` = 9 LIMIT 1[0m  [["id", 9], ["LIMIT", 1]]
  Rendering users/show.html.haml within layouts/application
  [1m[36mUser Load (0.3ms)[0m  [1m[34mSELECT `users`.* FROM `users` WHERE `users`.`id` = 1[0m
  [1m[36mUser Load (0.3ms)[0m  [1m[34mSELECT  `users`.* FROM `users` WHERE `users`.`id` = 10 ORDER BY `users`.`id` ASC LIMIT 1[0m
  [1m[36mUser Load (0.3ms)[0m  [1m[34mSELECT `users`.* FROM `users` WHERE (`users`.`id` NOT IN (1, 9))[0m
  Rendered users/show.html.haml within layouts/application (8.1ms)
  Rendered layouts/_navigation.html.haml (4.4ms)
  Rendered layouts/_messages.html.haml (2.1ms)
Completed 200 OK in 47ms (Views: 42.6ms | ActiveRecord: 1.1ms)


Started GET "/users/9" for ::1 at 2020-12-08 20:05:04 -0600
Processing by UsersController#show as HTML
  Parameters: {"id"=>"9"}
  [1m[36mUser Load (0.2ms)[0m  [1m[34mSELECT  `users`.* FROM `users` WHERE `users`.`id` = 9 LIMIT 1[0m
  [1m[36mCACHE (0.0ms)[0m  [1m[34mSELECT  `users`.* FROM `users` WHERE `users`.`id` = 9 LIMIT 1[0m  [["id", 9], ["LIMIT", 1]]
  Rendering users/show.html.haml within layouts/application
  [1m[36mUser Load (0.3ms)[0m  [1m[34mSELECT `users`.* FROM `users` WHERE `users`.`id` = 1[0m
  [1m[36mUser Load (0.3ms)[0m  [1m[34mSELECT  `users`.* FROM `users` WHERE `users`.`id` = 10 ORDER BY `users`.`id` ASC LIMIT 1[0m
  Rendered users/show.html.haml within layouts/application (7.0ms)
  Rendered layouts/_navigation.html.haml (4.1ms)
  Rendered layouts/_messages.html.haml (2.4ms)
Completed 200 OK in 46ms (Views: 42.9ms | ActiveRecord: 0.8ms)


Started GET "/users/9" for ::1 at 2020-12-08 20:05:09 -0600
Processing by UsersController#show as HTML
  Parameters: {"id"=>"9"}
  [1m[36mUser Load (0.3ms)[0m  [1m[34mSELECT  `users`.* FROM `users` WHERE `users`.`id` = 9 LIMIT 1[0m
  [1m[36mCACHE (0.0ms)[0m  [1m[34mSELECT  `users`.* FROM `users` WHERE `users`.`id` = 9 LIMIT 1[0m  [["id", 9], ["LIMIT", 1]]
  Rendering users/show.html.haml within layouts/application
  [1m[36mUser Load (0.3ms)[0m  [1m[34mSELECT `users`.* FROM `users` WHERE `users`.`id` = 1[0m
  [1m[36mUser Load (0.2ms)[0m  [1m[34mSELECT  `users`.* FROM `users` WHERE `users`.`id` = 10 ORDER BY `users`.`id` ASC LIMIT 1[0m
  Rendered users/show.html.haml within layouts/application (5.8ms)
  Rendered layouts/_navigation.html.haml (5.5ms)
  Rendered layouts/_messages.html.haml (4.2ms)
Completed 200 OK in 56ms (Views: 52.0ms | ActiveRecord: 0.8ms)


Started GET "/users/1" for ::1 at 2020-12-08 20:05:11 -0600
Processing by UsersController#show as HTML
  Parameters: {"id"=>"1"}
  [1m[36mUser Load (0.3ms)[0m  [1m[34mSELECT  `users`.* FROM `users` WHERE `users`.`id` = 1 LIMIT 1[0m
  [1m[36mCACHE (0.0ms)[0m  [1m[34mSELECT  `users`.* FROM `users` WHERE `users`.`id` = 1 LIMIT 1[0m  [["id", 1], ["LIMIT", 1]]
  Rendering users/show.html.haml within layouts/application
  [1m[36mUser Load (0.3ms)[0m  [1m[34mSELECT `users`.* FROM `users` WHERE `users`.`id` IN (2, 3, 4, 6, 9)[0m
  [1m[36mUser Load (0.2ms)[0m  [1m[34mSELECT  `users`.* FROM `users` WHERE `users`.`id` = 10 ORDER BY `users`.`id` ASC LIMIT 1[0m
  Rendered users/show.html.haml within layouts/application (14.6ms)
  Rendered layouts/_navigation.html.haml (3.9ms)
  Rendered layouts/_messages.html.haml (1.8ms)
Completed 200 OK in 54ms (Views: 50.7ms | ActiveRecord: 0.8ms)


Started GET "/users/1" for ::1 at 2020-12-08 20:05:14 -0600
Processing by UsersController#show as HTML
  Parameters: {"id"=>"1"}
  [1m[36mUser Load (0.3ms)[0m  [1m[34mSELECT  `users`.* FROM `users` WHERE `users`.`id` = 1 LIMIT 1[0m
  [1m[36mCACHE (0.0ms)[0m  [1m[34mSELECT  `users`.* FROM `users` WHERE `users`.`id` = 1 LIMIT 1[0m  [["id", 1], ["LIMIT", 1]]
  Rendering users/show.html.haml within layouts/application
  [1m[36mUser Load (0.3ms)[0m  [1m[34mSELECT `users`.* FROM `users` WHERE `users`.`id` IN (2, 3, 4, 6, 9)[0m
  [1m[36mUser Load (0.3ms)[0m  [1m[34mSELECT  `users`.* FROM `users` WHERE `users`.`id` = 10 ORDER BY `users`.`id` ASC LIMIT 1[0m
  Rendered users/show.html.haml within layouts/application (6.6ms)
  Rendered layouts/_navigation.html.haml (3.8ms)
  Rendered layouts/_messages.html.haml (2.5ms)
Completed 200 OK in 45ms (Views: 40.6ms | ActiveRecord: 0.9ms)


Started GET "/users/1" for ::1 at 2020-12-08 20:05:37 -0600
Processing by UsersController#show as HTML
  Parameters: {"id"=>"1"}
  [1m[36mUser Load (0.3ms)[0m  [1m[34mSELECT  `users`.* FROM `users` WHERE `users`.`id` = 1 LIMIT 1[0m
  [1m[36mCACHE (0.0ms)[0m  [1m[34mSELECT  `users`.* FROM `users` WHERE `users`.`id` = 1 LIMIT 1[0m  [["id", 1], ["LIMIT", 1]]
  Rendering users/show.html.haml within layouts/application
  [1m[36mUser Load (0.3ms)[0m  [1m[34mSELECT `users`.* FROM `users` WHERE `users`.`id` IN (2, 3, 4, 6, 9)[0m
  [1m[36mUser Load (0.3ms)[0m  [1m[34mSELECT  `users`.* FROM `users` WHERE `users`.`id` = 10 ORDER BY `users`.`id` ASC LIMIT 1[0m
  Rendered users/show.html.haml within layouts/application (6.8ms)
  Rendered layouts/_navigation.html.haml (3.7ms)
  Rendered layouts/_messages.html.haml (1.9ms)
Completed 200 OK in 47ms (Views: 41.5ms | ActiveRecord: 1.0ms)


Started GET "/users/1" for ::1 at 2020-12-08 20:06:03 -0600
Processing by UsersController#show as HTML
  Parameters: {"id"=>"1"}
  [1m[36mUser Load (0.3ms)[0m  [1m[34mSELECT  `users`.* FROM `users` WHERE `users`.`id` = 1 LIMIT 1[0m
  [1m[36mCACHE (0.0ms)[0m  [1m[34mSELECT  `users`.* FROM `users` WHERE `users`.`id` = 1 LIMIT 1[0m  [["id", 1], ["LIMIT", 1]]
  Rendering users/show.html.haml within layouts/application
  [1m[36mUser Load (0.3ms)[0m  [1m[34mSELECT  `users`.* FROM `users` WHERE `users`.`id` = 10 ORDER BY `users`.`id` ASC LIMIT 1[0m
  [1m[36mUser Load (0.2ms)[0m  [1m[34mSELECT `users`.* FROM `users` WHERE `users`.`id` IN (2, 3, 4, 6, 9)[0m
  Rendered users/show.html.haml within layouts/application (6.5ms)
  Rendered layouts/_navigation.html.haml (4.1ms)
  Rendered layouts/_messages.html.haml (1.9ms)
Completed 200 OK in 45ms (Views: 40.8ms | ActiveRecord: 0.9ms)


Started DELETE "/users/sign_out" for ::1 at 2020-12-08 20:06:16 -0600
Processing by Devise::SessionsController#destroy as HTML
  Parameters: {"authenticity_token"=>"7vWreA6lxe3mbqwW8njQoXDlnGFa+5joUeU9kxB6/SRiZqLsaQ24ejqePQgQEht3EFk0CzskvLr6w2ESf/VTfw=="}
  [1m[36mUser Load (0.3ms)[0m  [1m[34mSELECT  `users`.* FROM `users` WHERE `users`.`id` = 10 ORDER BY `users`.`id` ASC LIMIT 1[0m
  [1m[35m (0.1ms)[0m  [1m[35mBEGIN[0m
  [1m[35m (0.1ms)[0m  [1m[35mCOMMIT[0m
Redirected to http://localhost:3000/
Completed 302 Found in 1019ms (ActiveRecord: 0.5ms)


Started GET "/" for ::1 at 2020-12-08 20:06:17 -0600
Processing by PagesController#index as HTML
  Rendering pages/index.html.haml within layouts/application
  Rendered pages/index.html.haml within layouts/application (1.3ms)
  Rendered layouts/_navigation.html.haml (7.5ms)
  Rendered layouts/_messages.html.haml (2.7ms)
Completed 200 OK in 49ms (Views: 46.6ms | ActiveRecord: 0.0ms)


Started GET "/users/sign_in" for ::1 at 2020-12-08 20:06:19 -0600
Processing by Devise::SessionsController#new as HTML
  Rendering devise/sessions/new.html.erb within layouts/application
  Rendered devise/shared/_links.html.erb (1.6ms)
  Rendered devise/sessions/new.html.erb within layouts/application (18.5ms)
  Rendered layouts/_navigation.html.haml (8.5ms)
  Rendered layouts/_messages.html.haml (4.1ms)
Completed 200 OK in 105ms (Views: 104.3ms | ActiveRecord: 0.0ms)


Started POST "/users/sign_in" for ::1 at 2020-12-08 20:06:25 -0600
Processing by Devise::SessionsController#create as HTML
  Parameters: {"utf8"=>"✓", "authenticity_token"=>"D0Px/RH6mGpn8RGZKSbuugX9XWfZNshyddTq2+5aQcrbsCwrqPlV1D39hO+lM7tkisCgAURJ6mHC1s1me+1CNg==", "user"=>{"email"=>"demory88@gmail.com", "password"=>"[FILTERED]", "remember_me"=>"0"}, "commit"=>"Log in"}
  [1m[36mUser Load (0.4ms)[0m  [1m[34mSELECT  `users`.* FROM `users` WHERE `users`.`email` = 'demory88@gmail.com' ORDER BY `users`.`id` ASC LIMIT 1[0m
Redirected to http://localhost:3000/
Completed 302 Found in 230ms (ActiveRecord: 0.4ms)


Started GET "/" for ::1 at 2020-12-08 20:06:25 -0600
  [1m[36mUser Load (0.5ms)[0m  [1m[34mSELECT  `users`.* FROM `users` WHERE `users`.`id` = 1 ORDER BY `users`.`id` ASC LIMIT 1[0m
Processing by UsersController#index as HTML
  Rendering users/index.html.haml within layouts/application
  [1m[36mUser Load (2.2ms)[0m  [1m[34mSELECT `users`.* FROM `users`[0m
  Rendered users/_user.html.haml (5.1ms)
  Rendered users/_user.html.haml (0.4ms)
  Rendered users/_user.html.haml (1.0ms)
  Rendered users/_user.html.haml (0.9ms)
  Rendered users/_user.html.haml (1.2ms)
  Rendered users/_user.html.haml (0.5ms)
  Rendered users/_user.html.haml (0.3ms)
  Rendered users/_user.html.haml (0.8ms)
  Rendered users/_user.html.haml (0.4ms)
  Rendered users/_user.html.haml (0.3ms)
  Rendered users/index.html.haml within layouts/application (30.7ms)
  Rendered layouts/_navigation.html.haml (3.3ms)
  Rendered layouts/_messages.html.haml (1.7ms)
Completed 200 OK in 97ms (Views: 93.2ms | ActiveRecord: 2.2ms)


Started GET "/users/1" for ::1 at 2020-12-08 20:06:31 -0600
Processing by UsersController#show as HTML
  Parameters: {"id"=>"1"}
  [1m[36mUser Load (0.3ms)[0m  [1m[34mSELECT  `users`.* FROM `users` WHERE `users`.`id` = 1 LIMIT 1[0m
  [1m[36mCACHE (0.0ms)[0m  [1m[34mSELECT  `users`.* FROM `users` WHERE `users`.`id` = 1 LIMIT 1[0m  [["id", 1], ["LIMIT", 1]]
  Rendering users/show.html.haml within layouts/application
  [1m[36mUser Load (0.3ms)[0m  [1m[34mSELECT  `users`.* FROM `users` WHERE `users`.`id` = 1 ORDER BY `users`.`id` ASC LIMIT 1[0m
  [1m[36mUser Load (0.3ms)[0m  [1m[34mSELECT `users`.* FROM `users` WHERE `users`.`id` IN (2, 3, 4, 6, 9)[0m
  [1m[36mUser Load (0.3ms)[0m  [1m[34mSELECT `users`.* FROM `users` WHERE (`users`.`id` NOT IN (2, 3, 4, 6, 9, 1))[0m
  Rendered users/show.html.haml within layouts/application (10.9ms)
  Rendered layouts/_navigation.html.haml (4.3ms)
  Rendered layouts/_messages.html.haml (2.2ms)
Completed 200 OK in 53ms (Views: 48.3ms | ActiveRecord: 1.2ms)


  [1m[35m (0.1ms)[0m  [1m[35mBEGIN[0m
  [1m[35mSQL (0.4ms)[0m  [1m[33mUPDATE `users` SET `tags` = '---\n- where your pets are our family!\n- where your pets are our family!\n- where your pets are our family!\n- where your pets are our family!\n- where your pets are our family!\n- where your pets are our family!\n- where your pets are our family!\n- where your pets are our family!\n- where your pets are our family!\n- where your pets are our family!\n- where your pets are our family!\n- where your pets are our family!\n- where your pets are our family!\n- where your pets are our family!\n- where your pets are our family!\n- where your pets are our family!\n- where your pets are our family!\n- where your pets are our family!\n- where your pets are our family!\n- where your pets are our family!\n- where your pets are our family!\n- where your pets are our family!\n- where your pets are our family!\n- where your pets are our family!\n- where your pets are our family!\n- where your pets are our family!\n', `updated_at` = '2020-12-09 02:06:34' WHERE `users`.`id` = 1[0m
  [1m[35m (1.9ms)[0m  [1m[35mCOMMIT[0m
Started GET "/users/1" for ::1 at 2020-12-08 20:06:38 -0600
Processing by UsersController#show as HTML
  Parameters: {"id"=>"1"}
  [1m[36mUser Load (0.3ms)[0m  [1m[34mSELECT  `users`.* FROM `users` WHERE `users`.`id` = 1 LIMIT 1[0m
  [1m[36mCACHE (0.0ms)[0m  [1m[34mSELECT  `users`.* FROM `users` WHERE `users`.`id` = 1 LIMIT 1[0m  [["id", 1], ["LIMIT", 1]]
  Rendering users/show.html.haml within layouts/application
  [1m[36mUser Load (0.5ms)[0m  [1m[34mSELECT `users`.* FROM `users` WHERE `users`.`id` IN (2, 3, 4, 6, 9)[0m
  [1m[36mUser Load (0.2ms)[0m  [1m[34mSELECT  `users`.* FROM `users` WHERE `users`.`id` = 1 ORDER BY `users`.`id` ASC LIMIT 1[0m
  [1m[36mUser Load (0.2ms)[0m  [1m[34mSELECT `users`.* FROM `users` WHERE (`users`.`id` NOT IN (2, 3, 4, 6, 9, 1))[0m
  Rendered users/show.html.haml within layouts/application (8.7ms)
  Rendered layouts/_navigation.html.haml (6.9ms)
  Rendered layouts/_messages.html.haml (3.6ms)
Completed 200 OK in 54ms (Views: 49.6ms | ActiveRecord: 1.2ms)


Started POST "/make_friends?method=post" for ::1 at 2020-12-08 20:07:44 -0600
Processing by UsersController#make_friends as HTML
  Parameters: {"utf8"=>"✓", "authenticity_token"=>"cjGOsy3eIzAtFpzjAR/HjAr/4SeILRNUj3Raw+C1ZnyWW87Vc9oC+9/7xzEXU4hCPm7k1K55LyPFk0tYSQJNVw==", "friend_list"=>["5"], "user"=>"1", "commit"=>"Submit", "method"=>"post"}
  [1m[36mUser Load (0.8ms)[0m  [1m[34mSELECT  `users`.* FROM `users` WHERE `users`.`id` = 1 LIMIT 1[0m
  [1m[35m (0.2ms)[0m  [1m[35mBEGIN[0m
  [1m[35mSQL (1.1ms)[0m  [1m[33mUPDATE `users` SET `friends` = '---\n- 2\n- 3\n- 4\n- 6\n- 9\n- 5\n', `updated_at` = '2020-12-09 02:07:44' WHERE `users`.`id` = 1[0m
  [1m[35m (1.3ms)[0m  [1m[35mCOMMIT[0m
  [1m[36mUser Load (0.3ms)[0m  [1m[34mSELECT `users`.* FROM `users` WHERE `users`.`id` IN (2, 3, 4, 6, 9, 5)[0m
  [1m[35m (0.1ms)[0m  [1m[35mBEGIN[0m
  [1m[35mSQL (0.3ms)[0m  [1m[33mUPDATE `users` SET `friends` = '---\n- 1\n- 1\n- 1\n- 1\n- 1\n- 1\n- 1\n', `updated_at` = '2020-12-09 02:07:44' WHERE `users`.`id` = 2[0m
  [1m[35m (0.4ms)[0m  [1m[35mCOMMIT[0m
  [1m[35m (0.1ms)[0m  [1m[35mBEGIN[0m
  [1m[35mSQL (1.0ms)[0m  [1m[33mUPDATE `users` SET `friends` = '---\n- 1\n- 1\n- 1\n- 1\n- 1\n- 1\n', `updated_at` = '2020-12-09 02:07:44' WHERE `users`.`id` = 3[0m
  [1m[35m (0.6ms)[0m  [1m[35mCOMMIT[0m
  [1m[35m (0.1ms)[0m  [1m[35mBEGIN[0m
  [1m[35mSQL (0.4ms)[0m  [1m[33mUPDATE `users` SET `friends` = '---\n- 1\n- 1\n- 1\n- 1\n- 1\n', `updated_at` = '2020-12-09 02:07:44' WHERE `users`.`id` = 4[0m
  [1m[35m (0.4ms)[0m  [1m[35mCOMMIT[0m
  [1m[35m (0.1ms)[0m  [1m[35mBEGIN[0m
  [1m[35mSQL (0.5ms)[0m  [1m[33mUPDATE `users` SET `friends` = '---\n- 1\n- 1\n- 1\n', `updated_at` = '2020-12-09 02:07:44' WHERE `users`.`id` = 5[0m
  [1m[35m (0.6ms)[0m  [1m[35mCOMMIT[0m
  [1m[35m (0.1ms)[0m  [1m[35mBEGIN[0m
  [1m[35mSQL (0.9ms)[0m  [1m[33mUPDATE `users` SET `friends` = '---\n- 1\n- 1\n- 1\n', `updated_at` = '2020-12-09 02:07:44' WHERE `users`.`id` = 6[0m
  [1m[35m (0.9ms)[0m  [1m[35mCOMMIT[0m
  [1m[35m (0.1ms)[0m  [1m[35mBEGIN[0m
  [1m[35mSQL (0.4ms)[0m  [1m[33mUPDATE `users` SET `friends` = '---\n- 1\n- 1\n', `updated_at` = '2020-12-09 02:07:44' WHERE `users`.`id` = 9[0m
  [1m[35m (0.5ms)[0m  [1m[35mCOMMIT[0m
DEPRECATION WARNING: `redirect_to :back` is deprecated and will be removed from Rails 5.1. Please use `redirect_back(fallback_location: fallback_location)` where `fallback_location` represents the location to use if the request has no HTTP referer information. (called from make_friends at /Users/don.emory/github/backend-challenge/app/controllers/users_controller.rb:35)
Redirected to http://localhost:3000/users/1
Completed 302 Found in 42ms (ActiveRecord: 11.1ms)


Started GET "/users/1" for ::1 at 2020-12-08 20:07:44 -0600
Processing by UsersController#show as HTML
  Parameters: {"id"=>"1"}
  [1m[36mUser Load (0.3ms)[0m  [1m[34mSELECT  `users`.* FROM `users` WHERE `users`.`id` = 1 LIMIT 1[0m
  [1m[36mCACHE (0.0ms)[0m  [1m[34mSELECT  `users`.* FROM `users` WHERE `users`.`id` = 1 LIMIT 1[0m  [["id", 1], ["LIMIT", 1]]
  Rendering users/show.html.haml within layouts/application
  [1m[36mUser Load (0.4ms)[0m  [1m[34mSELECT `users`.* FROM `users` WHERE `users`.`id` IN (2, 3, 4, 6, 9, 5)[0m
  [1m[36mUser Load (0.4ms)[0m  [1m[34mSELECT  `users`.* FROM `users` WHERE `users`.`id` = 1 ORDER BY `users`.`id` ASC LIMIT 1[0m
  [1m[36mUser Load (0.7ms)[0m  [1m[34mSELECT `users`.* FROM `users` WHERE (`users`.`id` NOT IN (2, 3, 4, 6, 9, 5, 1))[0m
  Rendered users/show.html.haml within layouts/application (12.5ms)
  Rendered layouts/_navigation.html.haml (4.0ms)
  Rendered layouts/_messages.html.haml (2.1ms)
Completed 200 OK in 55ms (Views: 49.5ms | ActiveRecord: 1.9ms)


Started GET "/users/1" for ::1 at 2020-12-08 20:07:50 -0600
Processing by UsersController#show as HTML
  Parameters: {"id"=>"1"}
  [1m[36mUser Load (0.3ms)[0m  [1m[34mSELECT  `users`.* FROM `users` WHERE `users`.`id` = 1 LIMIT 1[0m
  [1m[36mCACHE (0.0ms)[0m  [1m[34mSELECT  `users`.* FROM `users` WHERE `users`.`id` = 1 LIMIT 1[0m  [["id", 1], ["LIMIT", 1]]
  Rendering users/show.html.haml within layouts/application
  [1m[36mUser Load (0.3ms)[0m  [1m[34mSELECT `users`.* FROM `users` WHERE `users`.`id` IN (2, 3, 4, 6, 9, 5)[0m
  [1m[36mUser Load (0.3ms)[0m  [1m[34mSELECT  `users`.* FROM `users` WHERE `users`.`id` = 1 ORDER BY `users`.`id` ASC LIMIT 1[0m
  [1m[36mUser Load (0.3ms)[0m  [1m[34mSELECT `users`.* FROM `users` WHERE (`users`.`id` NOT IN (2, 3, 4, 6, 9, 5, 1))[0m
  Rendered users/show.html.haml within layouts/application (8.7ms)
  Rendered layouts/_navigation.html.haml (4.9ms)
  Rendered layouts/_messages.html.haml (2.3ms)
Completed 200 OK in 49ms (Views: 44.6ms | ActiveRecord: 1.2ms)


Started GET "/users/1" for ::1 at 2020-12-08 20:09:16 -0600
Processing by UsersController#show as HTML
  Parameters: {"id"=>"1"}
  [1m[36mUser Load (0.2ms)[0m  [1m[34mSELECT  `users`.* FROM `users` WHERE `users`.`id` = 1 LIMIT 1[0m
  [1m[36mCACHE (0.0ms)[0m  [1m[34mSELECT  `users`.* FROM `users` WHERE `users`.`id` = 1 LIMIT 1[0m  [["id", 1], ["LIMIT", 1]]
  Rendering users/show.html.haml within layouts/application
  [1m[36mUser Load (0.4ms)[0m  [1m[34mSELECT `users`.* FROM `users` WHERE `users`.`id` IN (2, 3, 4, 6, 9, 5)[0m
  [1m[36mUser Load (0.3ms)[0m  [1m[34mSELECT  `users`.* FROM `users` WHERE `users`.`id` = 1 ORDER BY `users`.`id` ASC LIMIT 1[0m
  [1m[36mUser Load (0.3ms)[0m  [1m[34mSELECT `users`.* FROM `users` WHERE (`users`.`id` NOT IN (2, 3, 4, 6, 9, 5, 1))[0m
  Rendered users/show.html.haml within layouts/application (9.2ms)
  Rendered layouts/_navigation.html.haml (4.3ms)
  Rendered layouts/_messages.html.haml (2.7ms)
Completed 200 OK in 49ms (Views: 45.0ms | ActiveRecord: 1.3ms)


Started GET "/users/1" for ::1 at 2020-12-08 20:09:26 -0600
Processing by UsersController#show as HTML
  Parameters: {"id"=>"1"}
  [1m[36mUser Load (0.3ms)[0m  [1m[34mSELECT  `users`.* FROM `users` WHERE `users`.`id` = 1 LIMIT 1[0m
  [1m[36mCACHE (0.0ms)[0m  [1m[34mSELECT  `users`.* FROM `users` WHERE `users`.`id` = 1 LIMIT 1[0m  [["id", 1], ["LIMIT", 1]]
  Rendering users/show.html.haml within layouts/application
  [1m[36mUser Load (0.4ms)[0m  [1m[34mSELECT `users`.* FROM `users` WHERE `users`.`id` IN (2, 3, 4, 6, 9, 5)[0m
  [1m[36mUser Load (0.3ms)[0m  [1m[34mSELECT  `users`.* FROM `users` WHERE `users`.`id` = 1 ORDER BY `users`.`id` ASC LIMIT 1[0m
  [1m[36mUser Load (0.3ms)[0m  [1m[34mSELECT `users`.* FROM `users` WHERE (`users`.`id` NOT IN (2, 3, 4, 6, 9, 5, 1))[0m
  Rendered users/show.html.haml within layouts/application (8.7ms)
  Rendered layouts/_navigation.html.haml (4.6ms)
  Rendered layouts/_messages.html.haml (2.0ms)
Completed 200 OK in 48ms (Views: 43.7ms | ActiveRecord: 1.2ms)


